2020.09.26 17:48:27 INFO  started: Metals version 0.9.4 in workspace 'D:\Dailis\Scala' for client vscode.
2020.09.26 17:48:29 INFO  time: initialize in 1.06s
2020.09.26 17:48:32 INFO  running 'C:\Program Files\AdoptOpenJDK\jdk-14.0.2.12-hotspot\bin\java -Djline.terminal=jline.UnsupportedTerminal -Dsbt.log.noformat=true -Dfile.encoding=UTF-8 -jar C:\Users\perka\AppData\Local\Temp\metals10217930726884944275\sbt-launch.jar -Dbloop.export-jar-classifiers=sources bloopInstall'
2020.09.26 17:48:33 ERROR [info] [launcher] getting org.scala-sbt sbt 1.3.13  (this may take some time)...
2020.09.26 17:48:38 INFO  no build target: using presentation compiler with only scala-library
2020.09.26 17:48:38 WARN  no build target for: D:\Dailis\Scala\app\controllers\HomeController.scala
2020.09.26 17:48:50 ERROR downloading https://repo1.maven.org/maven2/org/scala-sbt/sbt/1.3.13/sbt-1.3.13.jar ...
2020.09.26 17:48:50 ERROR downloading https://repo1.maven.org/maven2/org/scala-sbt/logic_2.12/1.3.13/logic_2.12-1.3.13.jar ...
2020.09.26 17:48:50 ERROR downloading https://repo1.maven.org/maven2/org/scala-sbt/io_2.12/1.3.4/io_2.12-1.3.4.jar ...
2020.09.26 17:48:50 ERROR downloading https://repo1.maven.org/maven2/org/scala-sbt/main_2.12/1.3.13/main_2.12-1.3.13.jar ...
2020.09.26 17:48:50 ERROR downloading https://repo1.maven.org/maven2/org/scala-sbt/command_2.12/1.3.13/command_2.12-1.3.13.jar ...
2020.09.26 17:48:50 ERROR downloading https://repo1.maven.org/maven2/org/scala-sbt/collections_2.12/1.3.13/collections_2.12-1.3.13.jar ...
2020.09.26 17:48:50 ERROR downloading https://repo1.maven.org/maven2/org/scala-sbt/scripted-sbt-redux_2.12/1.3.13/scripted-sbt-redux_2.12-1.3.13.jar ...
2020.09.26 17:48:50 ERROR downloading https://repo1.maven.org/maven2/org/scala-sbt/run_2.12/1.3.13/run_2.12-1.3.13.jar ...
2020.09.26 17:48:50 ERROR downloading https://repo1.maven.org/maven2/org/scala-sbt/main-settings_2.12/1.3.13/main-settings_2.12-1.3.13.jar ...
2020.09.26 17:48:50 ERROR downloading https://repo1.maven.org/maven2/org/scala-sbt/scripted-plugin_2.12/1.3.13/scripted-plugin_2.12-1.3.13.jar ...
2020.09.26 17:48:50 ERROR :: loading settings :: url = jar:file:/C:/Users/perka/AppData/Local/Temp/metals10217930726884944275/sbt-launch.jar!/org/apache/ivy/core/settings/ivysettings.xml
2020.09.26 17:48:50 ERROR downloading https://repo1.maven.org/maven2/org/scala-sbt/actions_2.12/1.3.13/actions_2.12-1.3.13.jar ...
2020.09.26 17:48:50 ERROR :: loading settings :: url = jar:file:/C:/Users/perka/AppData/Local/Temp/metals10217930726884944275/sbt-launch.jar!/org/apache/ivy/core/settings/ivysettings.xml
2020.09.26 17:48:50 ERROR :: loading settings :: url = jar:file:/C:/Users/perka/AppData/Local/Temp/metals10217930726884944275/sbt-launch.jar!/org/apache/ivy/core/settings/ivysettings.xml
2020.09.26 17:48:50 ERROR :: loading settings :: url = jar:file:/C:/Users/perka/AppData/Local/Temp/metals10217930726884944275/sbt-launch.jar!/org/apache/ivy/core/settings/ivysettings.xml
2020.09.26 17:48:50 ERROR :: loading settings :: url = jar:file:/C:/Users/perka/AppData/Local/Temp/metals10217930726884944275/sbt-launch.jar!/org/apache/ivy/core/settings/ivysettings.xml
2020.09.26 17:48:50 ERROR :: loading settings :: url = jar:file:/C:/Users/perka/AppData/Local/Temp/metals10217930726884944275/sbt-launch.jar!/org/apache/ivy/core/settings/ivysettings.xml
2020.09.26 17:48:50 ERROR :: loading settings :: url = jar:file:/C:/Users/perka/AppData/Local/Temp/metals10217930726884944275/sbt-launch.jar!/org/apache/ivy/core/settings/ivysettings.xml
2020.09.26 17:48:50 ERROR :: loading settings :: url = jar:file:/C:/Users/perka/AppData/Local/Temp/metals10217930726884944275/sbt-launch.jar!/org/apache/ivy/core/settings/ivysettings.xml
2020.09.26 17:48:50 ERROR :: loading settings :: url = jar:file:/C:/Users/perka/AppData/Local/Temp/metals10217930726884944275/sbt-launch.jar!/org/apache/ivy/core/settings/ivysettings.xml
2020.09.26 17:48:50 ERROR :: loading settings :: url = jar:file:/C:/Users/perka/AppData/Local/Temp/metals10217930726884944275/sbt-launch.jar!/org/apache/ivy/core/settings/ivysettings.xml
2020.09.26 17:48:50 ERROR :: loading settings :: url = jar:file:/C:/Users/perka/AppData/Local/Temp/metals10217930726884944275/sbt-launch.jar!/org/apache/ivy/core/settings/ivysettings.xml
2020.09.26 17:48:50 ERROR :: loading settings :: url = jar:file:/C:/Users/perka/AppData/Local/Temp/metals10217930726884944275/sbt-launch.jar!/org/apache/ivy/core/settings/ivysettings.xml
2020.09.26 17:48:50 ERROR downloading https://repo1.maven.org/maven2/org/scala-sbt/zinc-lm-integration_2.12/1.3.13/zinc-lm-integration_2.12-1.3.13.jar ...
2020.09.26 17:48:50 ERROR 	[SUCCESSFUL ] org.scala-sbt#run_2.12;1.3.13!run_2.12.jar (381ms)
2020.09.26 17:48:50 ERROR downloading https://repo1.maven.org/maven2/org/scala-lang/modules/scala-xml_2.12/1.3.0/scala-xml_2.12-1.3.0.jar ...
2020.09.26 17:48:50 ERROR 	[SUCCESSFUL ] org.scala-sbt#scripted-plugin_2.12;1.3.13!scripted-plugin_2.12.jar (519ms)
2020.09.26 17:48:50 ERROR downloading https://repo1.maven.org/maven2/org/scala-sbt/launcher-interface/1.1.4/launcher-interface-1.1.4.jar ...
2020.09.26 17:48:50 ERROR 	[SUCCESSFUL ] org.scala-sbt#zinc-lm-integration_2.12;1.3.13!zinc-lm-integration_2.12.jar (605ms)
2020.09.26 17:48:50 ERROR downloading https://repo1.maven.org/maven2/io/get-coursier/lm-coursier-shaded_2.12/2.0.0-RC6-4/lm-coursier-shaded_2.12-2.0.0-RC6-4.jar ...
2020.09.26 17:48:50 ERROR 	[SUCCESSFUL ] org.scala-sbt#logic_2.12;1.3.13!logic_2.12.jar (656ms)
2020.09.26 17:48:50 ERROR downloading https://repo1.maven.org/maven2/org/scala-sbt/librarymanagement-core_2.12/1.3.4/librarymanagement-core_2.12-1.3.4.jar ...
2020.09.26 17:48:50 ERROR 	[SUCCESSFUL ] org.scala-sbt#sbt;1.3.13!sbt.jar (686ms)
2020.09.26 17:48:50 ERROR 	[SUCCESSFUL ] org.scala-sbt#scripted-sbt-redux_2.12;1.3.13!scripted-sbt-redux_2.12.jar (679ms)
2020.09.26 17:48:50 ERROR downloading https://repo1.maven.org/maven2/org/scala-sbt/compiler-interface/1.3.5/compiler-interface-1.3.5.jar ...
2020.09.26 17:48:50 ERROR downloading https://repo1.maven.org/maven2/org/scala-sbt/librarymanagement-ivy_2.12/1.3.4/librarymanagement-ivy_2.12-1.3.4.jar ...
2020.09.26 17:48:50 ERROR 	[SUCCESSFUL ] org.scala-sbt#actions_2.12;1.3.13!actions_2.12.jar (895ms)
2020.09.26 17:48:50 ERROR downloading https://repo1.maven.org/maven2/org/scala-sbt/zinc-compile_2.12/1.3.5/zinc-compile_2.12-1.3.5.jar ...
2020.09.26 17:48:50 ERROR 	[SUCCESSFUL ] org.scala-sbt#collections_2.12;1.3.13!collections_2.12.jar (982ms)
2020.09.26 17:48:50 ERROR downloading https://repo1.maven.org/maven2/com/eed3si9n/sjson-new-scalajson_2.12/0.8.3/sjson-new-scalajson_2.12-0.8.3.jar ...
2020.09.26 17:48:51 ERROR 	[SUCCESSFUL ] org.scala-sbt#launcher-interface;1.1.4!launcher-interface.jar (620ms)
2020.09.26 17:48:51 ERROR downloading https://repo1.maven.org/maven2/org/scala-sbt/completion_2.12/1.3.13/completion_2.12-1.3.13.jar ...
2020.09.26 17:48:51 ERROR 	[SUCCESSFUL ] org.scala-sbt#io_2.12;1.3.4!io_2.12.jar (1173ms)
2020.09.26 17:48:51 ERROR downloading https://repo1.maven.org/maven2/org/scala-sbt/task-system_2.12/1.3.13/task-system_2.12-1.3.13.jar ...
2020.09.26 17:48:51 ERROR 	[SUCCESSFUL ] org.scala-sbt#command_2.12;1.3.13!command_2.12.jar (1312ms)
2020.09.26 17:48:51 ERROR downloading https://repo1.maven.org/maven2/org/scala-sbt/tasks_2.12/1.3.13/tasks_2.12-1.3.13.jar ...
2020.09.26 17:48:51 ERROR 	[SUCCESSFUL ] org.scala-sbt#compiler-interface;1.3.5!compiler-interface.jar (725ms)
2020.09.26 17:48:51 ERROR downloading https://repo1.maven.org/maven2/org/scala-sbt/testing_2.12/1.3.13/testing_2.12-1.3.13.jar ...
2020.09.26 17:48:51 ERROR 	[SUCCESSFUL ] org.scala-sbt#zinc-compile_2.12;1.3.5!zinc-compile_2.12.jar (569ms)
2020.09.26 17:48:51 ERROR downloading https://repo1.maven.org/maven2/org/scala-sbt/zinc-classpath_2.12/1.3.5/zinc-classpath_2.12-1.3.5.jar ...
2020.09.26 17:48:51 ERROR 	[SUCCESSFUL ] org.scala-lang.modules#scala-xml_2.12;1.3.0!scala-xml_2.12.jar(bundle) (1153ms)
2020.09.26 17:48:51 ERROR downloading https://repo1.maven.org/maven2/org/scala-sbt/zinc-apiinfo_2.12/1.3.5/zinc-apiinfo_2.12-1.3.5.jar ...
2020.09.26 17:48:51 ERROR 	[SUCCESSFUL ] com.eed3si9n#sjson-new-scalajson_2.12;0.8.3!sjson-new-scalajson_2.12.jar (563ms)
2020.09.26 17:48:51 ERROR downloading https://repo1.maven.org/maven2/org/scala-sbt/zinc_2.12/1.3.5/zinc_2.12-1.3.5.jar ...
2020.09.26 17:48:51 ERROR 	[SUCCESSFUL ] org.scala-sbt#main-settings_2.12;1.3.13!main-settings_2.12.jar (1583ms)
2020.09.26 17:48:51 ERROR downloading https://repo1.maven.org/maven2/net/java/dev/jna/jna/5.5.0/jna-5.5.0.jar ...
2020.09.26 17:48:51 ERROR 	[SUCCESSFUL ] org.scala-sbt#task-system_2.12;1.3.13!task-system_2.12.jar (451ms)
2020.09.26 17:48:51 ERROR downloading https://repo1.maven.org/maven2/net/java/dev/jna/jna-platform/5.5.0/jna-platform-5.5.0.jar ...
2020.09.26 17:48:51 ERROR 	[SUCCESSFUL ] org.scala-sbt#tasks_2.12;1.3.13!tasks_2.12.jar (417ms)
2020.09.26 17:48:51 ERROR downloading https://repo1.maven.org/maven2/org/scala-sbt/test-agent/1.3.13/test-agent-1.3.13.jar ...
2020.09.26 17:48:51 ERROR 	[SUCCESSFUL ] org.scala-sbt#completion_2.12;1.3.13!completion_2.12.jar (608ms)
2020.09.26 17:48:51 ERROR downloading https://repo1.maven.org/maven2/org/scala-sbt/compiler-bridge_2.12/1.3.5/compiler-bridge_2.12-1.3.5.jar ...
2020.09.26 17:48:51 ERROR 	[SUCCESSFUL ] org.scala-sbt#zinc-classpath_2.12;1.3.5!zinc-classpath_2.12.jar (413ms)
2020.09.26 17:48:51 ERROR downloading https://repo1.maven.org/maven2/org/scala-sbt/zinc-classfile_2.12/1.3.5/zinc-classfile_2.12-1.3.5.jar ...
2020.09.26 17:48:51 ERROR 	[SUCCESSFUL ] org.scala-sbt#zinc-apiinfo_2.12;1.3.5!zinc-apiinfo_2.12.jar (436ms)
2020.09.26 17:48:51 ERROR downloading https://repo1.maven.org/maven2/org/scala-sbt/zinc-core_2.12/1.3.5/zinc-core_2.12-1.3.5.jar ...
2020.09.26 17:48:51 ERROR 	[SUCCESSFUL ] org.scala-sbt#librarymanagement-ivy_2.12;1.3.4!librarymanagement-ivy_2.12.jar (1367ms)
2020.09.26 17:48:51 ERROR downloading https://repo1.maven.org/maven2/org/scala-sbt/zinc-persist_2.12/1.3.5/zinc-persist_2.12-1.3.5.jar ...
2020.09.26 17:48:51 ERROR 	[SUCCESSFUL ] org.scala-sbt#zinc_2.12;1.3.5!zinc_2.12.jar (536ms)
2020.09.26 17:48:51 ERROR downloading https://repo1.maven.org/maven2/org/scala-sbt/zinc-compile-core_2.12/1.3.5/zinc-compile-core_2.12-1.3.5.jar ...
2020.09.26 17:48:52 ERROR 	[SUCCESSFUL ] org.scala-sbt#testing_2.12;1.3.13!testing_2.12.jar (834ms)
2020.09.26 17:48:52 ERROR downloading https://repo1.maven.org/maven2/org/scala-sbt/core-macros_2.12/1.3.13/core-macros_2.12-1.3.13.jar ...
2020.09.26 17:48:52 ERROR 	[SUCCESSFUL ] org.scala-sbt#librarymanagement-core_2.12;1.3.4!librarymanagement-core_2.12.jar (1663ms)
2020.09.26 17:48:52 ERROR downloading https://repo1.maven.org/maven2/org/scala-sbt/protocol_2.12/1.3.13/protocol_2.12-1.3.13.jar ...
2020.09.26 17:48:52 ERROR 	[SUCCESSFUL ] org.scala-sbt#test-agent;1.3.13!test-agent.jar (601ms)
2020.09.26 17:48:52 ERROR downloading https://repo1.maven.org/maven2/org/scala-sbt/ipcsocket/ipcsocket/1.0.1/ipcsocket-1.0.1.jar ...
2020.09.26 17:48:52 ERROR 	[SUCCESSFUL ] org.scala-sbt#compiler-bridge_2.12;1.3.5!compiler-bridge_2.12.jar (914ms)
2020.09.26 17:48:52 ERROR downloading https://repo1.maven.org/maven2/org/scala-sbt/ivy/ivy/2.3.0-sbt-839fad1cdc07cf6fc81364d74c323867230432ad/ivy-2.3.0-sbt-839fad1cdc07cf6fc81364d74c323867230432ad.jar ...
2020.09.26 17:48:52 ERROR 	[SUCCESSFUL ] org.scala-sbt#zinc-classfile_2.12;1.3.5!zinc-classfile_2.12.jar (842ms)
2020.09.26 17:48:52 ERROR 	[SUCCESSFUL ] org.scala-sbt#main_2.12;1.3.13!main_2.12.jar (2778ms)
2020.09.26 17:48:52 ERROR 	[SUCCESSFUL ] org.scala-sbt#core-macros_2.12;1.3.13!core-macros_2.12.jar (625ms)
2020.09.26 17:48:52 ERROR 	[SUCCESSFUL ] org.scala-sbt.ipcsocket#ipcsocket;1.0.1!ipcsocket.jar (541ms)
2020.09.26 17:48:52 ERROR 	[SUCCESSFUL ] org.scala-sbt#zinc-compile-core_2.12;1.3.5!zinc-compile-core_2.12.jar (807ms)
2020.09.26 17:48:52 ERROR 	[SUCCESSFUL ] org.scala-sbt#zinc-core_2.12;1.3.5!zinc-core_2.12.jar (914ms)
2020.09.26 17:48:52 ERROR 	[SUCCESSFUL ] net.java.dev.jna#jna-platform;5.5.0!jna-platform.jar (1337ms)
2020.09.26 17:48:52 ERROR 	[SUCCESSFUL ] org.scala-sbt#protocol_2.12;1.3.13!protocol_2.12.jar (663ms)
2020.09.26 17:48:52 ERROR 	[SUCCESSFUL ] net.java.dev.jna#jna;5.5.0!jna.jar (1442ms)
2020.09.26 17:48:54 ERROR 	[SUCCESSFUL ] org.scala-sbt.ivy#ivy;2.3.0-sbt-839fad1cdc07cf6fc81364d74c323867230432ad!ivy.jar (944ms)
2020.09.26 17:48:54 ERROR 	[SUCCESSFUL ] org.scala-sbt#zinc-persist_2.12;1.3.5!zinc-persist_2.12.jar (1640ms)
2020.09.26 17:48:55 ERROR 	[SUCCESSFUL ] io.get-coursier#lm-coursier-shaded_2.12;2.0.0-RC6-4!lm-coursier-shaded_2.12.jar (4207ms)
2020.09.26 17:48:55 ERROR :: retrieving :: org.scala-sbt#boot-app
2020.09.26 17:48:55 ERROR 	confs: [default]
2020.09.26 17:48:56 ERROR 	81 artifacts copied, 0 already retrieved
2020.09.26 17:48:58 WARN  no build target for: D:\Dailis\Scala\app\controllers\HomeController.scala
2020.09.26 17:48:59 INFO  [info] welcome to sbt 1.3.13 (AdoptOpenJDK Java 14.0.2)
2020.09.26 17:49:02 INFO  [info] loading settings for project scala-build-build-build from metals.sbt ...
2020.09.26 17:49:02 INFO  [info] loading project definition from D:\Dailis\Scala\project\project\project
2020.09.26 17:49:15 INFO  [warn] There may be incompatibilities among your library dependencies; run 'evicted' to see detailed eviction warnings.
2020.09.26 17:49:16 INFO  [info] loading settings for project scala-build-build from metals.sbt ...
2020.09.26 17:49:16 INFO  [info] loading project definition from D:\Dailis\Scala\project\project
2020.09.26 17:49:16 INFO  [warn] There may be incompatibilities among your library dependencies; run 'evicted' to see detailed eviction warnings.
2020.09.26 17:49:20 INFO  [success] Generated .bloop\scala-build-build.json
2020.09.26 17:49:20 INFO  [success] Total time: 4 s, completed 26 wrz 2020, 17:49:21
2020.09.26 17:49:22 INFO  [info] loading settings for project scala-build from metals.sbt,plugins.sbt ...
2020.09.26 17:49:22 INFO  [info] loading project definition from D:\Dailis\Scala\project
2020.09.26 17:49:32 INFO  [warn] There may be incompatibilities among your library dependencies; run 'evicted' to see detailed eviction warnings.
2020.09.26 17:49:34 INFO  [success] Generated .bloop\scala-build.json
2020.09.26 17:49:34 INFO  [success] Total time: 12 s, completed 26 wrz 2020, 17:49:34
2020.09.26 17:49:37 INFO  [info] loading settings for project root from build.sbt ...
2020.09.26 17:49:37 INFO  [info] set current project to Scala (in build file:/D:/Dailis/Scala/)
2020.09.26 17:49:59 INFO  [warn] There may be incompatibilities among your library dependencies; run 'evicted' to see detailed eviction warnings.
2020.09.26 17:50:06 INFO  [warn] There may be incompatibilities among your library dependencies; run 'evicted' to see detailed eviction warnings.
2020.09.26 17:50:08 INFO  [success] Generated .bloop\root.json
2020.09.26 17:50:08 INFO  [success] Generated .bloop\root-test.json
2020.09.26 17:50:08 INFO  [success] Total time: 30 s, completed 26 wrz 2020, 17:50:08
2020.09.26 17:50:08 INFO  build tool exit: 0
2020.09.26 17:50:08 INFO  time: ran 'sbt bloopInstall' in 1m35s
Starting the bsp launcher for bloop...
Opening a bsp server connection with 'bsp --protocol tcp --port 12510'...
Waiting for the bsp connection to come up...
Waiting for the bsp connection to come up...
Waiting for the bsp connection to come up...
Waiting for the bsp connection to come up...
Waiting for the bsp connection to come up...
Waiting for the bsp connection to come up...
Waiting for the bsp connection to come up...
Waiting for the bsp connection to come up...
Waiting for the bsp connection to come up...
No server running at 127.0.0.1:8212, let's fire one...
Resolving ch.epfl.scala:bloop-frontend_2.12:1.4.4-13-408f4d80...
Starting bloop server at 127.0.0.1:8212...
Attempting a connection to the server...
[0m[32m[D][0m Loading 2 projects from 'd:\Dailis\Scala\.bloop'...
[0m[32m[D][0m Loading project from 'd:\Dailis\Scala\.bloop\root-test.json'
[0m[32m[D][0m Loading project from 'd:\Dailis\Scala\.bloop\root.json'
[0m[32m[D][0m Cache miss for scala instance org.scala-lang:scala-compiler:2.13.3.
[0m[32m[D][0m   => C:\Users\perka\AppData\Local\Coursier\cache\v1\https\repo1.maven.org\maven2\net\java\dev\jna\jna\5.3.1\jna-5.3.1.jar
[0m[32m[D][0m   => C:\Users\perka\AppData\Local\Coursier\cache\v1\https\repo1.maven.org\maven2\org\jline\jline\3.15.0\jline-3.15.0.jar
[0m[32m[D][0m   => C:\Users\perka\AppData\Local\Coursier\cache\v1\https\repo1.maven.org\maven2\org\scala-lang\scala-compiler\2.13.3\scala-compiler-2.13.3.jar
[0m[32m[D][0m   => C:\Users\perka\AppData\Local\Coursier\cache\v1\https\repo1.maven.org\maven2\org\scala-lang\scala-library\2.13.3\scala-library-2.13.3.jar
[0m[32m[D][0m   => C:\Users\perka\AppData\Local\Coursier\cache\v1\https\repo1.maven.org\maven2\org\scala-lang\scala-reflect\2.13.3\scala-reflect-2.13.3.jar
[0m[32m[D][0m Missing analysis file for project 'root-test'
[0m[32m[D][0m Missing analysis file for project 'root'
[0m[32m[D][0m Waiting for a connection at 127.0.0.1:12510...
The server is listening for incoming connections at tcp://127.0.0.1:12510...
Starting thread that pumps stdin and redirects it to the bsp server...
Starting thread that pumps server stdout and redirects it to the client stdout...
2020.09.26 17:50:18 INFO  tracing is disabled for protocol BSP, to enable tracing of incoming and outgoing JSON messages create an empty file at C:\Users\perka\AppData\Local\scalameta\metals\cache\bsp.trace.json
Starting the bsp launcher for bloop...
Opening a bsp server connection with 'bsp --protocol tcp --port 13690'...
Waiting for the bsp connection to come up...
Starting the bsp launcher for bloop...
Opening a bsp server connection with 'bsp --protocol tcp --port 14067'...
Waiting for the bsp connection to come up...
[0m[32m[D][0m Loading workspace settings from bloop.settings.json
[0m[32m[D][0m Waiting for a connection at 127.0.0.1:13690...
The server is listening for incoming connections at tcp://127.0.0.1:13690...
Starting thread that pumps stdin and redirects it to the bsp server...
Starting thread that pumps server stdout and redirects it to the client stdout...
[0m[32m[D][0m Loading workspace settings from bloop.settings.json
[0m[32m[D][0m Waiting for a connection at 127.0.0.1:14067...
The server is listening for incoming connections at tcp://127.0.0.1:14067...
Starting thread that pumps stdin and redirects it to the bsp server...
Starting thread that pumps server stdout and redirects it to the client stdout...
2020.09.26 17:50:23 INFO  tracing is disabled for protocol BSP, to enable tracing of incoming and outgoing JSON messages create an empty file at C:\Users\perka\AppData\Local\scalameta\metals\cache\bsp.trace.json
2020.09.26 17:50:23 INFO  tracing is disabled for protocol BSP, to enable tracing of incoming and outgoing JSON messages create an empty file at C:\Users\perka\AppData\Local\scalameta\metals\cache\bsp.trace.json
2020.09.26 17:50:23 INFO  time: connected to build server in 15s
2020.09.26 17:50:23 INFO  Connected to Build server v1.4.4-13-408f4d80
2020.09.26 17:50:24 INFO  time: imported build in 0.43s
2020.09.26 17:50:31 INFO  time: indexed workspace in 7.56s
wrz 26, 2020 5:50:41 PM org.eclipse.lsp4j.jsonrpc.services.GenericEndpoint notify
INFO: Unsupported notification method: $/setTraceNotification
2020.09.26 17:50:45 INFO  compiling root (7 scala sources and 1 java source)
2020.09.26 17:50:49 INFO  disconnected: build server
No more data in the client stdin, exiting...
No more data in the client stdin, exiting...
No more data in the server stdin, exiting...
No more data in the server stdin, exiting...
No more data in the client stdin, exiting...
No more data in the server stdin, exiting...
Starting the bsp launcher for bloop...
Opening a bsp server connection with 'bsp --protocol tcp --port 44233'...
Waiting for the bsp connection to come up...
[0m[32m[D][0m Loading workspace settings from bloop.settings.json
[0m[32m[D][0m Waiting for a connection at 127.0.0.1:44233...
The server is listening for incoming connections at tcp://127.0.0.1:44233...
Starting thread that pumps stdin and redirects it to the bsp server...
Starting thread that pumps server stdout and redirects it to the client stdout...
2020.09.26 17:50:50 INFO  tracing is disabled for protocol BSP, to enable tracing of incoming and outgoing JSON messages create an empty file at C:\Users\perka\AppData\Local\scalameta\metals\cache\bsp.trace.json
Starting the bsp launcher for bloop...
Opening a bsp server connection with 'bsp --protocol tcp --port 40212'...
Waiting for the bsp connection to come up...
Starting the bsp launcher for bloop...
Opening a bsp server connection with 'bsp --protocol tcp --port 40390'...
Waiting for the bsp connection to come up...
[0m[32m[D][0m Loading workspace settings from bloop.settings.json
[0m[32m[D][0m Waiting for a connection at 127.0.0.1:40212...
The server is listening for incoming connections at tcp://127.0.0.1:40212...
Starting thread that pumps stdin and redirects it to the bsp server...
Starting thread that pumps server stdout and redirects it to the client stdout...
[0m[32m[D][0m Loading workspace settings from bloop.settings.json
[0m[32m[D][0m Waiting for a connection at 127.0.0.1:40390...
The server is listening for incoming connections at tcp://127.0.0.1:40390...
Starting thread that pumps stdin and redirects it to the bsp server...
Starting thread that pumps server stdout and redirects it to the client stdout...
2020.09.26 17:50:51 INFO  tracing is disabled for protocol BSP, to enable tracing of incoming and outgoing JSON messages create an empty file at C:\Users\perka\AppData\Local\scalameta\metals\cache\bsp.trace.json
2020.09.26 17:50:51 INFO  tracing is disabled for protocol BSP, to enable tracing of incoming and outgoing JSON messages create an empty file at C:\Users\perka\AppData\Local\scalameta\metals\cache\bsp.trace.json
2020.09.26 17:50:51 INFO  time: connected to build server in 1.31s
2020.09.26 17:50:51 INFO  Connected to Build server v1.4.4-13-408f4d80
2020.09.26 17:50:53 INFO  time: indexed workspace in 2.48s
2020.09.26 17:50:54 INFO  Deduplicating compilation of root from bsp client 'Metals 0.9.4' (since 35.002s)
2020.09.26 17:50:54 INFO  compiling root (7 scala sources and 1 java source)
2020.09.26 17:50:57 INFO  time: compiled root in 3.02s
2020.09.26 17:53:11 INFO  compiling root (7 scala sources and 1 java source)
2020.09.26 17:53:15 INFO  time: compiled root in 4.26s
2020.09.26 17:55:09 INFO  disconnected: build server
No more data in the client stdin, exiting...
No more data in the client stdin, exiting...
No more data in the client stdin, exiting...
No more data in the server stdin, exiting...
No more data in the server stdin, exiting...
No more data in the server stdin, exiting...
Starting the bsp launcher for bloop...
Opening a bsp server connection with 'bsp --protocol tcp --port 14558'...
Waiting for the bsp connection to come up...
[0m[32m[D][0m Loading workspace settings from bloop.settings.json
[0m[32m[D][0m Waiting for a connection at 127.0.0.1:14558...
The server is listening for incoming connections at tcp://127.0.0.1:14558...
Starting thread that pumps stdin and redirects it to the bsp server...
Starting thread that pumps server stdout and redirects it to the client stdout...
2020.09.26 17:55:10 INFO  tracing is disabled for protocol BSP, to enable tracing of incoming and outgoing JSON messages create an empty file at C:\Users\perka\AppData\Local\scalameta\metals\cache\bsp.trace.json
Starting the bsp launcher for bloop...
Opening a bsp server connection with 'bsp --protocol tcp --port 33038'...
Waiting for the bsp connection to come up...
Starting the bsp launcher for bloop...
Opening a bsp server connection with 'bsp --protocol tcp --port 39642'...
Waiting for the bsp connection to come up...
[0m[32m[D][0m Loading workspace settings from bloop.settings.json
[0m[32m[D][0m Waiting for a connection at 127.0.0.1:39642...
The server is listening for incoming connections at tcp://127.0.0.1:39642...
Starting thread that pumps stdin and redirects it to the bsp server...
Starting thread that pumps server stdout and redirects it to the client stdout...
[0m[32m[D][0m Loading workspace settings from bloop.settings.json
[0m[32m[D][0m Waiting for a connection at 127.0.0.1:33038...
The server is listening for incoming connections at tcp://127.0.0.1:33038...
Starting thread that pumps stdin and redirects it to the bsp server...
Starting thread that pumps server stdout and redirects it to the client stdout...
2020.09.26 17:55:10 INFO  tracing is disabled for protocol BSP, to enable tracing of incoming and outgoing JSON messages create an empty file at C:\Users\perka\AppData\Local\scalameta\metals\cache\bsp.trace.json
2020.09.26 17:55:10 INFO  tracing is disabled for protocol BSP, to enable tracing of incoming and outgoing JSON messages create an empty file at C:\Users\perka\AppData\Local\scalameta\metals\cache\bsp.trace.json
2020.09.26 17:55:10 INFO  time: connected to build server in 1.14s
2020.09.26 17:55:10 INFO  Connected to Build server v1.4.4-13-408f4d80
2020.09.26 17:55:12 INFO  time: indexed workspace in 2.03s
2020.09.26 17:55:13 INFO  compiling root-test (1 scala source)
2020.09.26 17:55:14 INFO  time: compiled root-test in 1.41s
2020.09.26 17:59:44 INFO  running 'C:\Program Files\AdoptOpenJDK\jdk-14.0.2.12-hotspot\bin\java -Djline.terminal=jline.UnsupportedTerminal -Dsbt.log.noformat=true -Dfile.encoding=UTF-8 -jar C:\Users\perka\AppData\Local\Temp\metals563815443714668888\sbt-launch.jar -Dbloop.export-jar-classifiers=sources bloopInstall'
2020.09.26 17:59:47 INFO  [info] welcome to sbt 1.3.13 (AdoptOpenJDK Java 14.0.2)
2020.09.26 17:59:47 INFO  [info] loading settings for project scala-build-build-build from metals.sbt ...
2020.09.26 17:59:49 INFO  [info] loading project definition from D:\Dailis\Scala\project\project\project
2020.09.26 17:59:49 INFO  [info] loading settings for project scala-build-build from metals.sbt ...
2020.09.26 17:59:50 INFO  [info] loading project definition from D:\Dailis\Scala\project\project
2020.09.26 17:59:52 INFO  [success] Generated .bloop\scala-build-build.json
2020.09.26 17:59:52 INFO  [success] Total time: 2 s, completed 26 wrz 2020, 17:59:52
2020.09.26 17:59:52 INFO  [info] loading settings for project scala-build from metals.sbt,plugins.sbt ...
2020.09.26 17:59:52 INFO  [info] loading project definition from D:\Dailis\Scala\project
2020.09.26 17:59:54 INFO  [success] Generated .bloop\scala-build.json
2020.09.26 17:59:54 INFO  [success] Total time: 2 s, completed 26 wrz 2020, 17:59:54
2020.09.26 17:59:54 INFO  [info] loading settings for project root from build.sbt ...
2020.09.26 17:59:55 INFO  [info] set current project to Scala (in build file:/D:/Dailis/Scala/)
2020.09.26 17:59:57 INFO  [success] Generated .bloop\root.json
2020.09.26 17:59:57 INFO  [success] Generated .bloop\root-test.json
2020.09.26 17:59:57 INFO  [success] Total time: 1 s, completed 26 wrz 2020, 17:59:57
2020.09.26 17:59:57 INFO  build tool exit: 0
2020.09.26 17:59:57 INFO  time: ran 'sbt bloopInstall' in 13s
2020.09.26 17:59:57 INFO  disconnected: build server
No more data in the client stdin, exiting...
No more data in the server stdin, exiting...
No more data in the client stdin, exiting...
No more data in the server stdin, exiting...
No more data in the client stdin, exiting...
No more data in the server stdin, exiting...
Starting the bsp launcher for bloop...
Opening a bsp server connection with 'bsp --protocol tcp --port 24856'...
Waiting for the bsp connection to come up...
[0m[32m[D][0m Loading workspace settings from bloop.settings.json
[0m[32m[D][0m Waiting for a connection at 127.0.0.1:24856...
The server is listening for incoming connections at tcp://127.0.0.1:24856...
Starting thread that pumps stdin and redirects it to the bsp server...
Starting thread that pumps server stdout and redirects it to the client stdout...
2020.09.26 17:59:58 INFO  tracing is disabled for protocol BSP, to enable tracing of incoming and outgoing JSON messages create an empty file at C:\Users\perka\AppData\Local\scalameta\metals\cache\bsp.trace.json
Starting the bsp launcher for bloop...
Opening a bsp server connection with 'bsp --protocol tcp --port 20736'...
Waiting for the bsp connection to come up...
Starting the bsp launcher for bloop...
Opening a bsp server connection with 'bsp --protocol tcp --port 26507'...
Waiting for the bsp connection to come up...
[0m[32m[D][0m Loading workspace settings from bloop.settings.json
[0m[32m[D][0m Waiting for a connection at 127.0.0.1:26507...
The server is listening for incoming connections at tcp://127.0.0.1:26507...
Starting thread that pumps stdin and redirects it to the bsp server...
Starting thread that pumps server stdout and redirects it to the client stdout...
[0m[32m[D][0m Loading workspace settings from bloop.settings.json
[0m[32m[D][0m Waiting for a connection at 127.0.0.1:20736...
The server is listening for incoming connections at tcp://127.0.0.1:20736...
Starting thread that pumps stdin and redirects it to the bsp server...
Starting thread that pumps server stdout and redirects it to the client stdout...
2020.09.26 17:59:58 INFO  tracing is disabled for protocol BSP, to enable tracing of incoming and outgoing JSON messages create an empty file at C:\Users\perka\AppData\Local\scalameta\metals\cache\bsp.trace.json
2020.09.26 17:59:58 INFO  tracing is disabled for protocol BSP, to enable tracing of incoming and outgoing JSON messages create an empty file at C:\Users\perka\AppData\Local\scalameta\metals\cache\bsp.trace.json
2020.09.26 17:59:58 INFO  time: connected to build server in 1.08s
2020.09.26 17:59:58 INFO  Connected to Build server v1.4.4-13-408f4d80
2020.09.26 18:00:00 INFO  time: indexed workspace in 1.59s
2020.09.26 18:15:58 INFO  shutting down Metals
No more data in the client stdin, exiting...
No more data in the client stdin, exiting...
No more data in the server stdin, exiting...
No more data in the server stdin, exiting...
No more data in the client stdin, exiting...
Unexpected exception when forwarding server stdin ---> client stdout
java.net.SocketException: Socket closed
	at java.base/sun.nio.ch.NioSocketImpl.endRead(NioSocketImpl.java:248)
	at java.base/sun.nio.ch.NioSocketImpl.implRead(NioSocketImpl.java:327)
	at java.base/sun.nio.ch.NioSocketImpl.read(NioSocketImpl.java:350)
	at java.base/sun.nio.ch.NioSocketImpl$1.read(NioSocketImpl.java:803)
	at java.base/java.net.Socket$SocketInputStream.read(Socket.java:982)
	at java.base/java.nio.channels.Channels$ReadableByteChannelImpl.read(Channels.java:388)
	at bloop.launcher.bsp.BspBridge.copyContents(BspBridge.scala:289)
	at bloop.launcher.bsp.BspBridge.forwardStreamContents(BspBridge.scala:275)
	at bloop.launcher.bsp.BspBridge.$anonfun$wireBspConnectionStreams$2(BspBridge.scala:228)
	at bloop.bloopgun.core.Shell$$anon$2.run(Shell.scala:155)
2020.09.26 23:37:25 INFO  started: Metals version 0.9.4 in workspace 'D:\Dailis\Scala' for client vscode.
2020.09.26 23:37:26 INFO  time: initialize in 1.49s
Starting the bsp launcher for bloop...
Opening a bsp server connection with 'bsp --protocol tcp --port 38591'...
Waiting for the bsp connection to come up...
2020.09.26 23:37:28 INFO  skipping build import with status 'Installed'
[0m[32m[D][0m Loading workspace settings from bloop.settings.json
[0m[32m[D][0m Waiting for a connection at 127.0.0.1:38591...
The server is listening for incoming connections at tcp://127.0.0.1:38591...
Starting thread that pumps stdin and redirects it to the bsp server...
Starting thread that pumps server stdout and redirects it to the client stdout...
2020.09.26 23:37:29 INFO  tracing is disabled for protocol BSP, to enable tracing of incoming and outgoing JSON messages create an empty file at C:\Users\perka\AppData\Local\scalameta\metals\cache\bsp.trace.json
Starting the bsp launcher for bloop...
Opening a bsp server connection with 'bsp --protocol tcp --port 35711'...
Waiting for the bsp connection to come up...
Starting the bsp launcher for bloop...
Opening a bsp server connection with 'bsp --protocol tcp --port 33639'...
Waiting for the bsp connection to come up...
[0m[32m[D][0m Loading workspace settings from bloop.settings.json
[0m[32m[D][0m Waiting for a connection at 127.0.0.1:35711...
The server is listening for incoming connections at tcp://127.0.0.1:35711...
Starting thread that pumps stdin and redirects it to the bsp server...
Starting thread that pumps server stdout and redirects it to the client stdout...
[0m[32m[D][0m Loading workspace settings from bloop.settings.json
[0m[32m[D][0m Waiting for a connection at 127.0.0.1:33639...
The server is listening for incoming connections at tcp://127.0.0.1:33639...
Starting thread that pumps stdin and redirects it to the bsp server...
Starting thread that pumps server stdout and redirects it to the client stdout...
2020.09.26 23:37:30 INFO  tracing is disabled for protocol BSP, to enable tracing of incoming and outgoing JSON messages create an empty file at C:\Users\perka\AppData\Local\scalameta\metals\cache\bsp.trace.json
2020.09.26 23:37:30 INFO  tracing is disabled for protocol BSP, to enable tracing of incoming and outgoing JSON messages create an empty file at C:\Users\perka\AppData\Local\scalameta\metals\cache\bsp.trace.json
2020.09.26 23:37:30 INFO  time: connected to build server in 2.15s
2020.09.26 23:37:30 INFO  Connected to Build server v1.4.4-13-408f4d80
2020.09.26 23:37:31 INFO  no build target: using presentation compiler with only scala-library
2020.09.26 23:37:31 WARN  unexpected error processing the file D:\Dailis\Scala\.bloop\root\bloop-bsp-clients-classes\classes-Metals-ezDdkP-2QWCHzOrbAjzAWg==\META-INF\semanticdb\app\controllers\HomeController.scala.semanticdb
java.nio.file.FileSystemException: D:\Dailis\Scala\.bloop\root\bloop-bsp-clients-classes\classes-Metals-ezDdkP-2QWCHzOrbAjzAWg==\META-INF\semanticdb\app\controllers\HomeController.scala.semanticdb: Proces nie mo¿e uzyskaæ dostêpu do pliku, poniewa¿ jest on u¿ywany przez inny proces
	at sun.nio.fs.WindowsException.translateToIOException(WindowsException.java:92)
	at sun.nio.fs.WindowsException.rethrowAsIOException(WindowsException.java:103)
	at sun.nio.fs.WindowsException.rethrowAsIOException(WindowsException.java:108)
	at sun.nio.fs.WindowsFileSystemProvider.newByteChannel(WindowsFileSystemProvider.java:235)
	at java.nio.file.Files.newByteChannel(Files.java:375)
	at java.nio.file.Files.newByteChannel(Files.java:426)
	at java.nio.file.Files.readAllBytes(Files.java:3272)
	at scala.meta.internal.metals.SemanticdbIndexer.onChange(SemanticdbIndexer.scala:82)
	at scala.meta.internal.metals.MetalsLanguageServer.$anonfun$didChangeWatchedFiles$5(MetalsLanguageServer.scala:1062)
	at scala.runtime.java8.JFunction0$mcV$sp.apply(JFunction0$mcV$sp.java:23)
	at scala.concurrent.Future$.$anonfun$apply$1(Future.scala:659)
	at scala.util.Success.$anonfun$map$1(Try.scala:255)
	at scala.util.Success.map(Try.scala:213)
	at scala.concurrent.Future.$anonfun$map$1(Future.scala:292)
	at scala.concurrent.impl.Promise.liftedTree1$1(Promise.scala:33)
	at scala.concurrent.impl.Promise.$anonfun$transform$1(Promise.scala:33)
	at scala.concurrent.impl.CallbackRunnable.run(Promise.scala:64)
	at java.util.concurrent.ThreadPoolExecutor.runWorker(ThreadPoolExecutor.java:1130)
	at java.util.concurrent.ThreadPoolExecutor$Worker.run(ThreadPoolExecutor.java:630)
	at java.lang.Thread.run(Thread.java:832)

2020.09.26 23:37:31 WARN  unexpected error processing the file D:\Dailis\Scala\.bloop\root\bloop-bsp-clients-classes\classes-Metals-ezDdkP-2QWCHzOrbAjzAWg==\META-INF\semanticdb\target\scala-2.13\routes\main\controllers\javascript\JavaScriptReverseRoutes.scala.semanticdb
java.nio.file.FileSystemException: D:\Dailis\Scala\.bloop\root\bloop-bsp-clients-classes\classes-Metals-ezDdkP-2QWCHzOrbAjzAWg==\META-INF\semanticdb\target\scala-2.13\routes\main\controllers\javascript\JavaScriptReverseRoutes.scala.semanticdb: Proces nie mo¿e uzyskaæ dostêpu do pliku, poniewa¿ jest on u¿ywany przez inny proces
	at sun.nio.fs.WindowsException.translateToIOException(WindowsException.java:92)
	at sun.nio.fs.WindowsException.rethrowAsIOException(WindowsException.java:103)
	at sun.nio.fs.WindowsException.rethrowAsIOException(WindowsException.java:108)
	at sun.nio.fs.WindowsFileSystemProvider.newByteChannel(WindowsFileSystemProvider.java:235)
	at java.nio.file.Files.newByteChannel(Files.java:375)
	at java.nio.file.Files.newByteChannel(Files.java:426)
	at java.nio.file.Files.readAllBytes(Files.java:3272)
	at scala.meta.internal.metals.SemanticdbIndexer.onChange(SemanticdbIndexer.scala:82)
	at scala.meta.internal.metals.MetalsLanguageServer.$anonfun$didChangeWatchedFiles$5(MetalsLanguageServer.scala:1062)
	at scala.runtime.java8.JFunction0$mcV$sp.apply(JFunction0$mcV$sp.java:23)
	at scala.concurrent.Future$.$anonfun$apply$1(Future.scala:659)
	at scala.util.Success.$anonfun$map$1(Try.scala:255)
	at scala.util.Success.map(Try.scala:213)
	at scala.concurrent.Future.$anonfun$map$1(Future.scala:292)
	at scala.concurrent.impl.Promise.liftedTree1$1(Promise.scala:33)
	at scala.concurrent.impl.Promise.$anonfun$transform$1(Promise.scala:33)
	at scala.concurrent.impl.CallbackRunnable.run(Promise.scala:64)
	at java.util.concurrent.ThreadPoolExecutor.runWorker(ThreadPoolExecutor.java:1130)
	at java.util.concurrent.ThreadPoolExecutor$Worker.run(ThreadPoolExecutor.java:630)
	at java.lang.Thread.run(Thread.java:832)

2020.09.26 23:37:31 WARN  unexpected error processing the file D:\Dailis\Scala\.bloop\root\bloop-bsp-clients-classes\classes-Metals-ezDdkP-2QWCHzOrbAjzAWg==\META-INF\semanticdb\target\scala-2.13\routes\main\controllers\ReverseRoutes.scala.semanticdb
java.nio.file.FileSystemException: D:\Dailis\Scala\.bloop\root\bloop-bsp-clients-classes\classes-Metals-ezDdkP-2QWCHzOrbAjzAWg==\META-INF\semanticdb\target\scala-2.13\routes\main\controllers\ReverseRoutes.scala.semanticdb: Proces nie mo¿e uzyskaæ dostêpu do pliku, poniewa¿ jest on u¿ywany przez inny proces
	at sun.nio.fs.WindowsException.translateToIOException(WindowsException.java:92)
	at sun.nio.fs.WindowsException.rethrowAsIOException(WindowsException.java:103)
	at sun.nio.fs.WindowsException.rethrowAsIOException(WindowsException.java:108)
	at sun.nio.fs.WindowsFileSystemProvider.newByteChannel(WindowsFileSystemProvider.java:235)
	at java.nio.file.Files.newByteChannel(Files.java:375)
	at java.nio.file.Files.newByteChannel(Files.java:426)
	at java.nio.file.Files.readAllBytes(Files.java:3272)
	at scala.meta.internal.metals.SemanticdbIndexer.onChange(SemanticdbIndexer.scala:82)
	at scala.meta.internal.metals.MetalsLanguageServer.$anonfun$didChangeWatchedFiles$5(MetalsLanguageServer.scala:1062)
	at scala.runtime.java8.JFunction0$mcV$sp.apply(JFunction0$mcV$sp.java:23)
	at scala.concurrent.Future$.$anonfun$apply$1(Future.scala:659)
	at scala.util.Success.$anonfun$map$1(Try.scala:255)
	at scala.util.Success.map(Try.scala:213)
	at scala.concurrent.Future.$anonfun$map$1(Future.scala:292)
	at scala.concurrent.impl.Promise.liftedTree1$1(Promise.scala:33)
	at scala.concurrent.impl.Promise.$anonfun$transform$1(Promise.scala:33)
	at scala.concurrent.impl.CallbackRunnable.run(Promise.scala:64)
	at java.util.concurrent.ThreadPoolExecutor.runWorker(ThreadPoolExecutor.java:1130)
	at java.util.concurrent.ThreadPoolExecutor$Worker.run(ThreadPoolExecutor.java:630)
	at java.lang.Thread.run(Thread.java:832)

2020.09.26 23:37:31 WARN  unexpected error processing the file D:\Dailis\Scala\.bloop\root\bloop-bsp-clients-classes\classes-Metals-ezDdkP-2QWCHzOrbAjzAWg==\META-INF\semanticdb\target\scala-2.13\routes\main\router\Routes.scala.semanticdb
java.nio.file.FileSystemException: D:\Dailis\Scala\.bloop\root\bloop-bsp-clients-classes\classes-Metals-ezDdkP-2QWCHzOrbAjzAWg==\META-INF\semanticdb\target\scala-2.13\routes\main\router\Routes.scala.semanticdb: Proces nie mo¿e uzyskaæ dostêpu do pliku, poniewa¿ jest on u¿ywany przez inny proces
	at sun.nio.fs.WindowsException.translateToIOException(WindowsException.java:92)
	at sun.nio.fs.WindowsException.rethrowAsIOException(WindowsException.java:103)
	at sun.nio.fs.WindowsException.rethrowAsIOException(WindowsException.java:108)
	at sun.nio.fs.WindowsFileSystemProvider.newByteChannel(WindowsFileSystemProvider.java:235)
	at java.nio.file.Files.newByteChannel(Files.java:375)
	at java.nio.file.Files.newByteChannel(Files.java:426)
	at java.nio.file.Files.readAllBytes(Files.java:3272)
	at scala.meta.internal.metals.SemanticdbIndexer.onChange(SemanticdbIndexer.scala:82)
	at scala.meta.internal.metals.MetalsLanguageServer.$anonfun$didChangeWatchedFiles$5(MetalsLanguageServer.scala:1062)
	at scala.runtime.java8.JFunction0$mcV$sp.apply(JFunction0$mcV$sp.java:23)
	at scala.concurrent.Future$.$anonfun$apply$1(Future.scala:659)
	at scala.util.Success.$anonfun$map$1(Try.scala:255)
	at scala.util.Success.map(Try.scala:213)
	at scala.concurrent.Future.$anonfun$map$1(Future.scala:292)
	at scala.concurrent.impl.Promise.liftedTree1$1(Promise.scala:33)
	at scala.concurrent.impl.Promise.$anonfun$transform$1(Promise.scala:33)
	at scala.concurrent.impl.CallbackRunnable.run(Promise.scala:64)
	at java.util.concurrent.ThreadPoolExecutor.runWorker(ThreadPoolExecutor.java:1130)
	at java.util.concurrent.ThreadPoolExecutor$Worker.run(ThreadPoolExecutor.java:630)
	at java.lang.Thread.run(Thread.java:832)

2020.09.26 23:37:31 WARN  unexpected error processing the file D:\Dailis\Scala\.bloop\root\bloop-bsp-clients-classes\classes-Metals-ezDdkP-2QWCHzOrbAjzAWg==\META-INF\semanticdb\target\scala-2.13\routes\main\router\RoutesPrefix.scala.semanticdb
java.nio.file.FileSystemException: D:\Dailis\Scala\.bloop\root\bloop-bsp-clients-classes\classes-Metals-ezDdkP-2QWCHzOrbAjzAWg==\META-INF\semanticdb\target\scala-2.13\routes\main\router\RoutesPrefix.scala.semanticdb: Proces nie mo¿e uzyskaæ dostêpu do pliku, poniewa¿ jest on u¿ywany przez inny proces
	at sun.nio.fs.WindowsException.translateToIOException(WindowsException.java:92)
	at sun.nio.fs.WindowsException.rethrowAsIOException(WindowsException.java:103)
	at sun.nio.fs.WindowsException.rethrowAsIOException(WindowsException.java:108)
	at sun.nio.fs.WindowsFileSystemProvider.newByteChannel(WindowsFileSystemProvider.java:235)
	at java.nio.file.Files.newByteChannel(Files.java:375)
	at java.nio.file.Files.newByteChannel(Files.java:426)
	at java.nio.file.Files.readAllBytes(Files.java:3272)
	at scala.meta.internal.metals.SemanticdbIndexer.onChange(SemanticdbIndexer.scala:82)
	at scala.meta.internal.metals.MetalsLanguageServer.$anonfun$didChangeWatchedFiles$5(MetalsLanguageServer.scala:1062)
	at scala.runtime.java8.JFunction0$mcV$sp.apply(JFunction0$mcV$sp.java:23)
	at scala.concurrent.Future$.$anonfun$apply$1(Future.scala:659)
	at scala.util.Success.$anonfun$map$1(Try.scala:255)
	at scala.util.Success.map(Try.scala:213)
	at scala.concurrent.Future.$anonfun$map$1(Future.scala:292)
	at scala.concurrent.impl.Promise.liftedTree1$1(Promise.scala:33)
	at scala.concurrent.impl.Promise.$anonfun$transform$1(Promise.scala:33)
	at scala.concurrent.impl.CallbackRunnable.run(Promise.scala:64)
	at java.util.concurrent.ThreadPoolExecutor.runWorker(ThreadPoolExecutor.java:1130)
	at java.util.concurrent.ThreadPoolExecutor$Worker.run(ThreadPoolExecutor.java:630)
	at java.lang.Thread.run(Thread.java:832)

wrz 26, 2020 11:37:36 PM org.eclipse.lsp4j.jsonrpc.RemoteEndpoint handleCancellation
WARNING: Unmatched cancel notification for request id 2
2020.09.26 23:38:02 INFO  time: indexed workspace in 32s
2020.09.26 23:38:02 INFO  compiling root-test (1 scala source)
2020.09.26 23:38:05 INFO  time: compiled root-test in 3s
2020.09.26 23:47:56 INFO  shutting down Metals
No more data in the client stdin, exiting...
No more data in the client stdin, exiting...
No more data in the client stdin, exiting...
No more data in the server stdin, exiting...
No more data in the server stdin, exiting...
No more data in the server stdin, exiting...
