2020.07.22 15:23:27 INFO  started: Metals version 0.9.2 in workspace 'D:\Dailis' for client vscode.
2020.07.22 15:23:28 INFO  time: initialize in 1.18s
2020.07.22 15:23:30 WARN  no build tool detected in workspace 'D:\Dailis'. The most common cause for this problem is that the editor was opened in the wrong working directory, for example if you use sbt then the workspace directory should contain build.sbt. 
lip 22, 2020 3:23:34 PM org.eclipse.lsp4j.jsonrpc.services.GenericEndpoint notify
INFO: Unsupported notification method: $/setTraceNotification
lip 22, 2020 3:23:37 PM org.eclipse.lsp4j.jsonrpc.services.GenericEndpoint notify
INFO: Unsupported notification method: $/setTraceNotification
2020.07.22 15:23:48 INFO  shutting down Metals
2020.07.22 15:33:24 INFO  started: Metals version 0.9.2 in workspace 'D:\Dailis' for client vscode.
2020.07.22 15:33:25 INFO  time: initialize in 1.11s
2020.07.22 15:33:26 WARN  no build tool detected in workspace 'D:\Dailis'. The most common cause for this problem is that the editor was opened in the wrong working directory, for example if you use sbt then the workspace directory should contain build.sbt. 
2020.07.22 15:34:01 INFO  
2020.07.22 15:34:01 INFO  Template applied in D:\\.\akka-scala-seed
2020.07.22 15:34:01 INFO  
2020.07.22 15:34:01 INFO  build tool exit: 0
2020.07.22 15:34:01 INFO  time: ran 'giter8.Giter8' in 5.81s
2020.07.22 15:34:07 INFO  shutting down Metals
2020.07.23 15:55:57 INFO  shutting down Metals
2020.08.02 13:14:17 INFO  started: Metals version 0.9.2 in workspace 'D:\Dailis' for client vscode.
2020.08.02 13:14:18 INFO  time: initialize in 1.14s
2020.08.02 13:14:19 WARN  no build tool detected in workspace 'D:\Dailis'. The most common cause for this problem is that the editor was opened in the wrong working directory, for example if you use sbt then the workspace directory should contain build.sbt. 
2020.08.02 13:14:19 INFO  no build target: using presentation compiler with only scala-library
2020.08.02 13:14:21 WARN  no build target for: D:\Dailis\Scala\Scalatrone\app\models\DailisDatabaseModel.scala
2020.08.02 13:25:12 INFO  shutting down Metals
2020.08.14 19:00:00 INFO  started: Metals version 0.9.2 in workspace 'D:\Dailis' for client vscode.
2020.08.14 19:00:01 INFO  time: initialize in 1.13s
2020.08.14 19:00:01 WARN  no build tool detected in workspace 'D:\Dailis'. The most common cause for this problem is that the editor was opened in the wrong working directory, for example if you use sbt then the workspace directory should contain build.sbt. 
2020.08.14 19:00:01 INFO  no build target: using presentation compiler with only scala-library
2020.08.14 19:00:04 WARN  no build target for: D:\Dailis\Scala\Scalatrone\app\filters\ExampleFilter.scala
sie 14, 2020 7:00:38 PM org.eclipse.lsp4j.jsonrpc.RemoteEndpoint handleNotification
WARNING: Notification threw an exception: {
  "jsonrpc": "2.0",
  "method": "metals/didFocusTextDocument",
  "params": "git:/d%3A/Dailis/Scala/Scalatrone/app/filters/ExampleFilter.scala?%7B%22path%22%3A%22d%3A%5C%5CDailis%5C%5CScala%5C%5CScalatrone%5C%5Capp%5C%5Cfilters%5C%5CExampleFilter.scala%22%2C%22ref%22%3A%22~%22%7D"
}
java.lang.RuntimeException: java.lang.reflect.InvocationTargetException
	at org.eclipse.lsp4j.jsonrpc.services.GenericEndpoint.lambda$null$0(GenericEndpoint.java:67)
	at org.eclipse.lsp4j.jsonrpc.services.GenericEndpoint.notify(GenericEndpoint.java:152)
	at org.eclipse.lsp4j.jsonrpc.RemoteEndpoint.handleNotification(RemoteEndpoint.java:220)
	at org.eclipse.lsp4j.jsonrpc.RemoteEndpoint.consume(RemoteEndpoint.java:187)
	at org.eclipse.lsp4j.jsonrpc.json.StreamMessageProducer.handleMessage(StreamMessageProducer.java:194)
	at org.eclipse.lsp4j.jsonrpc.json.StreamMessageProducer.listen(StreamMessageProducer.java:94)
	at org.eclipse.lsp4j.jsonrpc.json.ConcurrentMessageProcessor.run(ConcurrentMessageProcessor.java:113)
	at java.base/java.util.concurrent.Executors$RunnableAdapter.call(Executors.java:515)
	at java.base/java.util.concurrent.FutureTask.run(FutureTask.java:264)
	at java.base/java.util.concurrent.ThreadPoolExecutor.runWorker(ThreadPoolExecutor.java:1128)
	at java.base/java.util.concurrent.ThreadPoolExecutor$Worker.run(ThreadPoolExecutor.java:628)
	at java.base/java.lang.Thread.run(Thread.java:830)
Caused by: java.lang.reflect.InvocationTargetException
	at java.base/jdk.internal.reflect.NativeMethodAccessorImpl.invoke0(Native Method)
	at java.base/jdk.internal.reflect.NativeMethodAccessorImpl.invoke(NativeMethodAccessorImpl.java:62)
	at java.base/jdk.internal.reflect.DelegatingMethodAccessorImpl.invoke(DelegatingMethodAccessorImpl.java:43)
	at java.base/java.lang.reflect.Method.invoke(Method.java:567)
	at org.eclipse.lsp4j.jsonrpc.services.GenericEndpoint.lambda$null$0(GenericEndpoint.java:65)
	... 11 more
Caused by: java.nio.file.FileSystemNotFoundException: Provider "git" not installed
	at java.base/java.nio.file.Path.of(Path.java:212)
	at java.base/java.nio.file.Paths.get(Paths.java:98)
	at scala.meta.internal.metals.MetalsEnrichments$XtensionString.toAbsolutePath(MetalsEnrichments.scala:429)
	at scala.meta.internal.metals.MetalsEnrichments$XtensionString.toAbsolutePath(MetalsEnrichments.scala:426)
	at scala.meta.internal.metals.MetalsLanguageServer.didFocus(MetalsLanguageServer.scala:821)
	... 16 more

sie 14, 2020 7:14:59 PM org.eclipse.lsp4j.jsonrpc.services.GenericEndpoint notify
INFO: Unsupported notification method: $/setTraceNotification
sie 14, 2020 7:17:45 PM org.eclipse.lsp4j.jsonrpc.services.GenericEndpoint notify
INFO: Unsupported notification method: $/setTraceNotification
sie 14, 2020 7:21:17 PM org.eclipse.lsp4j.jsonrpc.services.GenericEndpoint notify
INFO: Unsupported notification method: $/setTraceNotification
2020.08.14 19:21:46 INFO  shutting down Metals
2020.09.08 22:09:36 INFO  started: Metals version 0.9.3 in workspace 'D:\Dailis' for client vscode.
2020.09.08 22:09:37 INFO  time: initialize in 0.48s
2020.09.08 22:09:38 WARN  no build tool detected in workspace 'D:\Dailis'. The most common cause for this problem is that the editor was opened in the wrong working directory, for example if you use sbt then the workspace directory should contain build.sbt. 
2020.09.08 22:09:38 INFO  no build target: using presentation compiler with only scala-library
2020.09.08 22:09:42 WARN  no build target for: D:\Dailis\Scala\Scalatrone\app\models\DailisDatabaseModel.scala
2020.09.08 22:16:44 WARN  no build target for: D:\Dailis\Scala\Scalatrone\app\controllers\Task.scala
2020.09.08 22:19:22 WARN  no build target for: D:\Dailis\Scala\Scalatrone\app\models\DailisDatabaseModel.scala
2020.09.08 22:36:08 INFO  shutting down Metals
2020.09.09 22:12:53 INFO  started: Metals version 0.9.3 in workspace 'D:\Dailis' for client vscode.
2020.09.09 22:12:54 INFO  time: initialize in 0.53s
2020.09.09 22:12:55 WARN  no build tool detected in workspace 'D:\Dailis'. The most common cause for this problem is that the editor was opened in the wrong working directory, for example if you use sbt then the workspace directory should contain build.sbt. 
2020.09.09 22:13:59 INFO  no build target: using presentation compiler with only scala-library
2020.09.09 22:14:02 WARN  no build target for: D:\Dailis\Scala\Scalatrone\app\Module.scala
wrz 09, 2020 10:14:02 PM org.eclipse.lsp4j.jsonrpc.RemoteEndpoint handleCancellation
WARNING: Unmatched cancel notification for request id 1
2020.09.09 22:14:02 WARN  no build target for: D:\Dailis\Scala\Scalatrone\app\services\Counter.scala
2020.09.09 22:14:09 WARN  no build target for: D:\Dailis\Scala\Scalatrone\app\services\ApplicationTimer.scala
2020.09.09 22:14:22 WARN  no build target for: D:\Dailis\Scala\Scalatrone\app\models\UserData.scala
2020.09.09 22:14:22 WARN  no build target for: D:\Dailis\Scala\Scalatrone\app\models\Tables.scala
2020.09.09 22:14:24 WARN  no build target for: D:\Dailis\Scala\Scalatrone\app\models\DailisDatabaseModel.scala
2020.09.09 22:14:27 WARN  no build target for: D:\Dailis\Scala\Scalatrone\app\models\CodeGen.scala
2020.09.09 22:14:36 WARN  no build target for: D:\Dailis\Scala\Scalatrone\app\filters\ExampleFilter.scala
2020.09.09 22:14:45 WARN  no build target for: D:\Dailis\Scala\Scalatrone\app\controllers\Task.scala
2020.09.09 22:14:45 WARN  no build target for: D:\Dailis\Scala\Scalatrone\app\controllers\HomeController.scala
2020.09.09 22:14:47 WARN  no build target for: D:\Dailis\Scala\Scalatrone\app\controllers\CountController.scala
2020.09.09 22:14:48 WARN  no build target for: D:\Dailis\Scala\Scalatrone\app\controllers\AsyncController.scala
2020.09.09 22:14:53 WARN  no build target for: D:\Dailis\Scala\Scalatrone\app\controllers\CountController.scala
2020.09.09 22:14:56 WARN  no build target for: D:\Dailis\Scala\Scalatrone\app\controllers\HomeController.scala
2020.09.09 22:14:56 WARN  no build target for: D:\Dailis\Scala\Scalatrone\app\controllers\AsyncController.scala
2020.09.09 22:15:00 WARN  no build target for: D:\Dailis\Scala\Scalatrone\app\controllers\Task.scala
2020.09.09 22:17:08 WARN  no build target for: D:\Dailis\Scala\Scalatrone\app\controllers\Task.scala
2020.09.09 22:29:53 INFO  shutting down Metals
